
C:\Users\NARIN\Desktop\freecodecamp\random-quote-machine\node_modules\uws>if not defined npm_config_node_gyp (node "C:\Program Files\nodejs\node_modules\npm\bin\node-gyp-bin\\..\..\node_modules\node-gyp\bin\node-gyp.js" rebuild )  else (node "" rebuild ) 
gyp info it worked if it ends with ok
gyp info using node-gyp@5.1.0
gyp info using node@12.18.3 | win32 | x64
gyp info find Python using Python version 3.8.5 found at "C:\Python38\python.exe"
gyp http GET https://nodejs.org/download/release/v12.18.3/node-v12.18.3-headers.tar.gz
gyp http 200 https://nodejs.org/download/release/v12.18.3/node-v12.18.3-headers.tar.gz
gyp http GET https://nodejs.org/download/release/v12.18.3/SHASUMS256.txt
gyp http GET https://nodejs.org/download/release/v12.18.3/win-x86/node.lib
gyp http GET https://nodejs.org/download/release/v12.18.3/win-x64/node.lib
gyp http GET https://nodejs.org/download/release/v12.18.3/win-arm64/node.lib
gyp http 200 https://nodejs.org/download/release/v12.18.3/SHASUMS256.txt
gyp http 200 https://nodejs.org/download/release/v12.18.3/win-x86/node.lib
gyp http 404 https://nodejs.org/download/release/v12.18.3/win-arm64/node.lib
gyp http 200 https://nodejs.org/download/release/v12.18.3/win-x64/node.lib
gyp info find VS using VS2017 (15.9.28307.1216) found at:
gyp info find VS "C:\Program Files (x86)\Microsoft Visual Studio\2017\BuildTools"
gyp info find VS run with --verbose for detailed information
gyp info spawn C:\Python38\python.exe
gyp info spawn args [
gyp info spawn args   'C:\\Program Files\\nodejs\\node_modules\\npm\\node_modules\\node-gyp\\gyp\\gyp_main.py',
gyp info spawn args   'binding.gyp',
gyp info spawn args   '-f',
gyp info spawn args   'msvs',
gyp info spawn args   '-I',
gyp info spawn args   'C:\\Users\\NARIN\\Desktop\\freecodecamp\\random-quote-machine\\node_modules\\uws\\build\\config.gypi',
gyp info spawn args   '-I',
gyp info spawn args   'C:\\Program Files\\nodejs\\node_modules\\npm\\node_modules\\node-gyp\\addon.gypi',
gyp info spawn args   '-I',
gyp info spawn args   'C:\\Users\\NARIN\\AppData\\Local\\node-gyp\\Cache\\12.18.3\\include\\node\\common.gypi',
gyp info spawn args   '-Dlibrary=shared_library',
gyp info spawn args   '-Dvisibility=default',
gyp info spawn args   '-Dnode_root_dir=C:\\Users\\NARIN\\AppData\\Local\\node-gyp\\Cache\\12.18.3',
gyp info spawn args   '-Dnode_gyp_dir=C:\\Program Files\\nodejs\\node_modules\\npm\\node_modules\\node-gyp',
gyp info spawn args   '-Dnode_lib_file=C:\\\\Users\\\\NARIN\\\\AppData\\\\Local\\\\node-gyp\\\\Cache\\\\12.18.3\\\\<(target_arch)\\\\node.lib',
gyp info spawn args   '-Dmodule_root_dir=C:\\Users\\NARIN\\Desktop\\freecodecamp\\random-quote-machine\\node_modules\\uws',
gyp info spawn args   '-Dnode_engine=v8',
gyp info spawn args   '--depth=.',
gyp info spawn args   '--no-parallel',
gyp info spawn args   '--generator-output',
gyp info spawn args   'C:\\Users\\NARIN\\Desktop\\freecodecamp\\random-quote-machine\\node_modules\\uws\\build',
gyp info spawn args   '-Goutput_dir=.'
gyp info spawn args ]
gyp info spawn C:\Program Files (x86)\Microsoft Visual Studio\2017\BuildTools\MSBuild\15.0\Bin\MSBuild.exe
gyp info spawn args [
gyp info spawn args   'build/binding.sln',
gyp info spawn args   '/clp:Verbosity=minimal',
gyp info spawn args   '/nologo',
gyp info spawn args   '/p:Configuration=Release;Platform=x64'
gyp info spawn args ]
Building the projects in this solution one at a time. To enable parallel build, please add the "/m" switch.
  Extensions.cpp
  Group.cpp
  Networking.cpp
  Hub.cpp
  Node.cpp
  WebSocket.cpp
  HTTPSocket.cpp
  Socket.cpp
  addon.cpp
  win_delay_load_hook.cc
c:\users\narin\desktop\freecodecamp\random-quote-machine\node_modules\uws\src\hub.cpp(175): warning C4530: C++ exception handler used, but unwind semantics are not enabled. Specify /EHsc [C:\Users\NARIN\Desktop\freecodecamp\random-quote-machine\node_modules\uws\build\uws.vcxproj]
c:\users\narin\desktop\freecodecamp\random-quote-machine\node_modules\uws\src\addon.h(21): warning C4996: 'node::MakeCallback': was declared deprecated (compiling source file ..\src\addon.cpp) [C:\Users\NARIN\Desktop\freecodecamp\random-quote-machine\node_modules\uws\build\uws.vcxproj]
  c:\users\narin\appdata\local\node-gyp\cache\12.18.3\include\node\node.h(181): note: see declaration of 'node::MakeCallback' (compiling source file ..\src\addon.cpp)
c:\users\narin\desktop\freecodecamp\random-quote-machine\node_modules\uws\src\addon.h(37): error C2664: 'v8::String::Utf8Value::Utf8Value(const v8::String::Utf8Value &)': cannot convert argument 1 from 'const v8::Local<v8::Value>' to 'const v8::String::Utf8Value &' (compiling source file ..\src\addon.cpp) [C:\Users\NARIN\Desktop\freecodecamp\random-quote-machine\node_modules\uws\build\uws.vcxproj]
  c:\users\narin\desktop\freecodecamp\random-quote-machine\node_modules\uws\src\addon.h(37): note: Reason: cannot convert from 'const v8::Local<v8::Value>' to 'const v8::String::Utf8Value' (compiling source file ..\src\addon.cpp)
  c:\users\narin\desktop\freecodecamp\random-quote-machine\node_modules\uws\src\addon.h(37): note: No user-defined-conversion operator available that can perform this conversion, or the operator cannot be called (compiling source file ..\src\addon.cpp)
c:\users\narin\desktop\freecodecamp\random-quote-machine\node_modules\uws\src\addon.h(102): warning C4996: 'v8::String::NewFromUtf8': was declared deprecated (compiling source file ..\src\addon.cpp) [C:\Users\NARIN\Desktop\freecodecamp\random-quote-machine\node_modules\uws\build\uws.vcxproj]
  c:\users\narin\appdata\local\node-gyp\cache\12.18.3\include\node\v8.h(3030): note: see declaration of 'v8::String::NewFromUtf8' (compiling source file ..\src\addon.cpp)
c:\users\narin\desktop\freecodecamp\random-quote-machine\node_modules\uws\src\addon.h(225): error C2661: 'v8::Value::ToObject': no overloaded function takes 0 arguments (compiling source file ..\src\addon.cpp) [C:\Users\NARIN\Desktop\freecodecamp\random-quote-machine\node_modules\uws\build\uws.vcxproj]
c:\users\narin\desktop\freecodecamp\random-quote-machine\node_modules\uws\src\addon.h(227): error C2660: 'v8::Value::IntegerValue': function does not take 0 arguments (compiling source file ..\src\addon.cpp) [C:\Users\NARIN\Desktop\freecodecamp\random-quote-machine\node_modules\uws\build\uws.vcxproj]
  c:\users\narin\appdata\local\node-gyp\cache\12.18.3\include\node\v8.h(2705): note: see declaration of 'v8::Value::IntegerValue' (compiling source file ..\src\addon.cpp)
c:\users\narin\desktop\freecodecamp\random-quote-machine\node_modules\uws\src\addon.h(341): warning C4996: 'node::MakeCallback': was declared deprecated (compiling source file ..\src\addon.cpp) [C:\Users\NARIN\Desktop\freecodecamp\random-quote-machine\node_modules\uws\build\uws.vcxproj]
  c:\users\narin\appdata\local\node-gyp\cache\12.18.3\include\node\node.h(181): note: see declaration of 'node::MakeCallback' (compiling source file ..\src\addon.cpp)
c:\users\narin\desktop\freecodecamp\random-quote-machine\node_modules\uws\src\addon.h(405): error C2660: 'v8::Function::Call': function does not take 3 arguments (compiling source file ..\src\addon.cpp) [C:\Users\NARIN\Desktop\freecodecamp\random-quote-machine\node_modules\uws\build\uws.vcxproj]
  c:\users\narin\appdata\local\node-gyp\cache\12.18.3\include\node\v8.h(4298): note: see declaration of 'v8::Function::Call' (compiling source file ..\src\addon.cpp)
c:\users\narin\desktop\freecodecamp\random-quote-machine\node_modules\uws\src\addon.h(418): error C2660: 'v8::Value::IntegerValue': function does not take 0 arguments (compiling source file ..\src\addon.cpp) [C:\Users\NARIN\Desktop\freecodecamp\random-quote-machine\node_modules\uws\build\uws.vcxproj]
  c:\users\narin\appdata\local\node-gyp\cache\12.18.3\include\node\v8.h(2705): note: see declaration of 'v8::Value::IntegerValue' (compiling source file ..\src\addon.cpp)
c:\users\narin\desktop\freecodecamp\random-quote-machine\node_modules\uws\src\addon.h(427): error C2660: 'v8::Value::IntegerValue': function does not take 0 arguments (compiling source file ..\src\addon.cpp) [C:\Users\NARIN\Desktop\freecodecamp\random-quote-machine\node_modules\uws\build\uws.vcxproj]
  c:\users\narin\appdata\local\node-gyp\cache\12.18.3\include\node\v8.h(2705): note: see declaration of 'v8::Value::IntegerValue' (compiling source file ..\src\addon.cpp)
c:\users\narin\desktop\freecodecamp\random-quote-machine\node_modules\uws\src\http.h(31): error C2664: 'v8::MaybeLocal<v8::String> v8::String::NewFromOneByte(v8::Isolate *,const uint8_t *,v8::NewStringType,int)': cannot convert argument 3 from 'v8::String::NewStringType' to 'v8::NewStringType' (compiling source file ..\src\addon.cpp) [C:\Users\NARIN\Desktop\freecodecamp\random-quote-machine\node_modules\uws\build\uws.vcxproj]
  c:\users\narin\desktop\freecodecamp\random-quote-machine\node_modules\uws\src\http.h(31): note: Conversion to enumeration type requires an explicit cast (static_cast, C-style cast or function-style cast) (compiling source file ..\src\addon.cpp)
c:\users\narin\desktop\freecodecamp\random-quote-machine\node_modules\uws\src\http.h(42): warning C4311: 'type cast': pointer truncation from 'void *' to 'long' (compiling source file ..\src\addon.cpp) [C:\Users\NARIN\Desktop\freecodecamp\random-quote-machine\node_modules\uws\build\uws.vcxproj]
c:\users\narin\desktop\freecodecamp\random-quote-machine\node_modules\uws\src\http.h(42): warning C4302: 'type cast': truncation from 'void *' to 'long' (compiling source file ..\src\addon.cpp) [C:\Users\NARIN\Desktop\freecodecamp\random-quote-machine\node_modules\uws\build\uws.vcxproj]
c:\users\narin\desktop\freecodecamp\random-quote-machine\node_modules\uws\src\http.h(45): error C2664: 'v8::MaybeLocal<v8::String> v8::String::NewFromOneByte(v8::Isolate *,const uint8_t *,v8::NewStringType,int)': cannot convert argument 3 from 'v8::String::NewStringType' to 'v8::NewStringType' (compiling source file ..\src\addon.cpp) [C:\Users\NARIN\Desktop\freecodecamp\random-quote-machine\node_modules\uws\build\uws.vcxproj]
  c:\users\narin\desktop\freecodecamp\random-quote-machine\node_modules\uws\src\http.h(45): note: Conversion to enumeration type requires an explicit cast (static_cast, C-style cast or function-style cast) (compiling source file ..\src\addon.cpp)
c:\users\narin\desktop\freecodecamp\random-quote-machine\node_modules\uws\src\http.h(48): error C2664: 'v8::MaybeLocal<v8::String> v8::String::NewFromOneByte(v8::Isolate *,const uint8_t *,v8::NewStringType,int)': cannot convert argument 3 from 'v8::String::NewStringType' to 'v8::NewStringType' (compiling source file ..\src\addon.cpp) [C:\Users\NARIN\Desktop\freecodecamp\random-quote-machine\node_modules\uws\build\uws.vcxproj]
  c:\users\narin\desktop\freecodecamp\random-quote-machine\node_modules\uws\src\http.h(48): note: Conversion to enumeration type requires an explicit cast (static_cast, C-style cast or function-style cast) (compiling source file ..\src\addon.cpp)
c:\users\narin\desktop\freecodecamp\random-quote-machine\node_modules\uws\src\http.h(51): error C2664: 'v8::MaybeLocal<v8::String> v8::String::NewFromOneByte(v8::Isolate *,const uint8_t *,v8::NewStringType,int)': cannot convert argument 3 from 'v8::String::NewStringType' to 'v8::NewStringType' (compiling source file ..\src\addon.cpp) [C:\Users\NARIN\Desktop\freecodecamp\random-quote-machine\node_modules\uws\build\uws.vcxproj]
  c:\users\narin\desktop\freecodecamp\random-quote-machine\node_modules\uws\src\http.h(51): note: Conversion to enumeration type requires an explicit cast (static_cast, C-style cast or function-style cast) (compiling source file ..\src\addon.cpp)
c:\users\narin\desktop\freecodecamp\random-quote-machine\node_modules\uws\src\http.h(54): error C2664: 'v8::MaybeLocal<v8::String> v8::String::NewFromOneByte(v8::Isolate *,const uint8_t *,v8::NewStringType,int)': cannot convert argument 3 from 'v8::String::NewStringType' to 'v8::NewStringType' (compiling source file ..\src\addon.cpp) [C:\Users\NARIN\Desktop\freecodecamp\random-quote-machine\node_modules\uws\build\uws.vcxproj]
  c:\users\narin\desktop\freecodecamp\random-quote-machine\node_modules\uws\src\http.h(54): note: Conversion to enumeration type requires an explicit cast (static_cast, C-style cast or function-style cast) (compiling source file ..\src\addon.cpp)
c:\users\narin\desktop\freecodecamp\random-quote-machine\node_modules\uws\src\http.h(57): error C2664: 'v8::MaybeLocal<v8::String> v8::String::NewFromOneByte(v8::Isolate *,const uint8_t *,v8::NewStringType,int)': cannot convert argument 3 from 'v8::String::NewStringType' to 'v8::NewStringType' (compiling source file ..\src\addon.cpp) [C:\Users\NARIN\Desktop\freecodecamp\random-quote-machine\node_modules\uws\build\uws.vcxproj]
  c:\users\narin\desktop\freecodecamp\random-quote-machine\node_modules\uws\src\http.h(57): note: Conversion to enumeration type requires an explicit cast (static_cast, C-style cast or function-style cast) (compiling source file ..\src\addon.cpp)
c:\users\narin\desktop\freecodecamp\random-quote-machine\node_modules\uws\src\http.h(60): error C2664: 'v8::MaybeLocal<v8::String> v8::String::NewFromOneByte(v8::Isolate *,const uint8_t *,v8::NewStringType,int)': cannot convert argument 3 from 'v8::String::NewStringType' to 'v8::NewStringType' (compiling source file ..\src\addon.cpp) [C:\Users\NARIN\Desktop\freecodecamp\random-quote-machine\node_modules\uws\build\uws.vcxproj]
  c:\users\narin\desktop\freecodecamp\random-quote-machine\node_modules\uws\src\http.h(60): note: Conversion to enumeration type requires an explicit cast (static_cast, C-style cast or function-style cast) (compiling source file ..\src\addon.cpp)
c:\users\narin\desktop\freecodecamp\random-quote-machine\node_modules\uws\src\http.h(63): error C2664: 'v8::MaybeLocal<v8::String> v8::String::NewFromOneByte(v8::Isolate *,const uint8_t *,v8::NewStringType,int)': cannot convert argument 3 from 'v8::String::NewStringType' to 'v8::NewStringType' (compiling source file ..\src\addon.cpp) [C:\Users\NARIN\Desktop\freecodecamp\random-quote-machine\node_modules\uws\build\uws.vcxproj]
  c:\users\narin\desktop\freecodecamp\random-quote-machine\node_modules\uws\src\http.h(63): note: Conversion to enumeration type requires an explicit cast (static_cast, C-style cast or function-style cast) (compiling source file ..\src\addon.cpp)
c:\users\narin\desktop\freecodecamp\random-quote-machine\node_modules\uws\src\http.h(66): error C2664: 'v8::MaybeLocal<v8::String> v8::String::NewFromOneByte(v8::Isolate *,const uint8_t *,v8::NewStringType,int)': cannot convert argument 3 from 'v8::String::NewStringType' to 'v8::NewStringType' (compiling source file ..\src\addon.cpp) [C:\Users\NARIN\Desktop\freecodecamp\random-quote-machine\node_modules\uws\build\uws.vcxproj]
  c:\users\narin\desktop\freecodecamp\random-quote-machine\node_modules\uws\src\http.h(66): note: Conversion to enumeration type requires an explicit cast (static_cast, C-style cast or function-style cast) (compiling source file ..\src\addon.cpp)
c:\users\narin\desktop\freecodecamp\random-quote-machine\node_modules\uws\src\http.h(69): error C2664: 'v8::MaybeLocal<v8::String> v8::String::NewFromOneByte(v8::Isolate *,const uint8_t *,v8::NewStringType,int)': cannot convert argument 3 from 'v8::String::NewStringType' to 'v8::NewStringType' (compiling source file ..\src\addon.cpp) [C:\Users\NARIN\Desktop\freecodecamp\random-quote-machine\node_modules\uws\build\uws.vcxproj]
  c:\users\narin\desktop\freecodecamp\random-quote-machine\node_modules\uws\src\http.h(69): note: Conversion to enumeration type requires an explicit cast (static_cast, C-style cast or function-style cast) (compiling source file ..\src\addon.cpp)
c:\users\narin\desktop\freecodecamp\random-quote-machine\node_modules\uws\src\http.h(99): error C2660: 'v8::FunctionTemplate::GetFunction': function does not take 0 arguments (compiling source file ..\src\addon.cpp) [C:\Users\NARIN\Desktop\freecodecamp\random-quote-machine\node_modules\uws\build\uws.vcxproj]
  c:\users\narin\appdata\local\node-gyp\cache\12.18.3\include\node\v8.h(6126): note: see declaration of 'v8::FunctionTemplate::GetFunction' (compiling source file ..\src\addon.cpp)
c:\users\narin\desktop\freecodecamp\random-quote-machine\node_modules\uws\src\http.h(102): error C2039: 'SetNamedPropertyHandler': is not a member of 'v8::ObjectTemplate' (compiling source file ..\src\addon.cpp) [C:\Users\NARIN\Desktop\freecodecamp\random-quote-machine\node_modules\uws\build\uws.vcxproj]
  c:\users\narin\appdata\local\node-gyp\cache\12.18.3\include\node\v8.h(6411): note: see declaration of 'v8::ObjectTemplate' (compiling source file ..\src\addon.cpp)
c:\users\narin\desktop\freecodecamp\random-quote-machine\node_modules\uws\src\http.h(104): error C2660: 'v8::ObjectTemplate::NewInstance': function does not take 0 arguments (compiling source file ..\src\addon.cpp) [C:\Users\NARIN\Desktop\freecodecamp\random-quote-machine\node_modules\uws\build\uws.vcxproj]
  c:\users\narin\appdata\local\node-gyp\cache\12.18.3\include\node\v8.h(6423): note: see declaration of 'v8::ObjectTemplate::NewInstance' (compiling source file ..\src\addon.cpp)
c:\users\narin\desktop\freecodecamp\random-quote-machine\node_modules\uws\src\http.h(104): error C2661: 'v8::Object::Set': no overloaded function takes 1 arguments (compiling source file ..\src\addon.cpp) [C:\Users\NARIN\Desktop\freecodecamp\random-quote-machine\node_modules\uws\build\uws.vcxproj]
c:\users\narin\desktop\freecodecamp\random-quote-machine\node_modules\uws\src\http.h(90): warning C4996: 'v8::String::NewFromUtf8': was declared deprecated (compiling source file ..\src\addon.cpp) [C:\Users\NARIN\Desktop\freecodecamp\random-quote-machine\node_modules\uws\build\uws.vcxproj]
  c:\users\narin\appdata\local\node-gyp\cache\12.18.3\include\node\v8.h(3030): note: see declaration of 'v8::String::NewFromUtf8' (compiling source file ..\src\addon.cpp)
c:\users\narin\desktop\freecodecamp\random-quote-machine\node_modules\uws\src\http.h(92): warning C4996: 'v8::String::NewFromUtf8': was declared deprecated (compiling source file ..\src\addon.cpp) [C:\Users\NARIN\Desktop\freecodecamp\random-quote-machine\node_modules\uws\build\uws.vcxproj]
  c:\users\narin\appdata\local\node-gyp\cache\12.18.3\include\node\v8.h(3030): note: see declaration of 'v8::String::NewFromUtf8' (compiling source file ..\src\addon.cpp)
c:\users\narin\desktop\freecodecamp\random-quote-machine\node_modules\uws\src\http.h(93): warning C4996: 'v8::String::NewFromUtf8': was declared deprecated (compiling source file ..\src\addon.cpp) [C:\Users\NARIN\Desktop\freecodecamp\random-quote-machine\node_modules\uws\build\uws.vcxproj]
  c:\users\narin\appdata\local\node-gyp\cache\12.18.3\include\node\v8.h(3030): note: see declaration of 'v8::String::NewFromUtf8' (compiling source file ..\src\addon.cpp)
c:\users\narin\desktop\freecodecamp\random-quote-machine\node_modules\uws\src\http.h(94): warning C4996: 'v8::String::NewFromUtf8': was declared deprecated (compiling source file ..\src\addon.cpp) [C:\Users\NARIN\Desktop\freecodecamp\random-quote-machine\node_modules\uws\build\uws.vcxproj]
  c:\users\narin\appdata\local\node-gyp\cache\12.18.3\include\node\v8.h(3030): note: see declaration of 'v8::String::NewFromUtf8' (compiling source file ..\src\addon.cpp)
c:\users\narin\desktop\freecodecamp\random-quote-machine\node_modules\uws\src\http.h(95): warning C4996: 'v8::String::NewFromUtf8': was declared deprecated (compiling source file ..\src\addon.cpp) [C:\Users\NARIN\Desktop\freecodecamp\random-quote-machine\node_modules\uws\build\uws.vcxproj]
  c:\users\narin\appdata\local\node-gyp\cache\12.18.3\include\node\v8.h(3030): note: see declaration of 'v8::String::NewFromUtf8' (compiling source file ..\src\addon.cpp)
c:\users\narin\desktop\freecodecamp\random-quote-machine\node_modules\uws\src\http.h(96): warning C4996: 'v8::String::NewFromUtf8': was declared deprecated (compiling source file ..\src\addon.cpp) [C:\Users\NARIN\Desktop\freecodecamp\random-quote-machine\node_modules\uws\build\uws.vcxproj]
  c:\users\narin\appdata\local\node-gyp\cache\12.18.3\include\node\v8.h(3030): note: see declaration of 'v8::String::NewFromUtf8' (compiling source file ..\src\addon.cpp)
c:\users\narin\desktop\freecodecamp\random-quote-machine\node_modules\uws\src\http.h(97): warning C4996: 'v8::String::NewFromUtf8': was declared deprecated (compiling source file ..\src\addon.cpp) [C:\Users\NARIN\Desktop\freecodecamp\random-quote-machine\node_modules\uws\build\uws.vcxproj]
  c:\users\narin\appdata\local\node-gyp\cache\12.18.3\include\node\v8.h(3030): note: see declaration of 'v8::String::NewFromUtf8' (compiling source file ..\src\addon.cpp)
c:\users\narin\desktop\freecodecamp\random-quote-machine\node_modules\uws\src\http.h(137): error C2660: 'v8::Value::IntegerValue': function does not take 0 arguments (compiling source file ..\src\addon.cpp) [C:\Users\NARIN\Desktop\freecodecamp\random-quote-machine\node_modules\uws\build\uws.vcxproj]
  c:\users\narin\appdata\local\node-gyp\cache\12.18.3\include\node\v8.h(2705): note: see declaration of 'v8::Value::IntegerValue' (compiling source file ..\src\addon.cpp)
c:\users\narin\desktop\freecodecamp\random-quote-machine\node_modules\uws\src\http.h(147): error C2661: 'v8::Value::ToObject': no overloaded function takes 0 arguments (compiling source file ..\src\addon.cpp) [C:\Users\NARIN\Desktop\freecodecamp\random-quote-machine\node_modules\uws\build\uws.vcxproj]
c:\users\narin\desktop\freecodecamp\random-quote-machine\node_modules\uws\src\http.h(148): error C2661: 'v8::Object::GetOwnPropertyNames': no overloaded function takes 0 arguments (compiling source file ..\src\addon.cpp) [C:\Users\NARIN\Desktop\freecodecamp\random-quote-machine\node_modules\uws\build\uws.vcxproj]
c:\users\narin\desktop\freecodecamp\random-quote-machine\node_modules\uws\src\http.h(149): warning C4018: '<': signed/unsigned mismatch (compiling source file ..\src\addon.cpp) [C:\Users\NARIN\Desktop\freecodecamp\random-quote-machine\node_modules\uws\build\uws.vcxproj]
c:\users\narin\desktop\freecodecamp\random-quote-machine\node_modules\uws\src\http.h(150): warning C4996: 'v8::Object::Get': was declared deprecated (compiling source file ..\src\addon.cpp) [C:\Users\NARIN\Desktop\freecodecamp\random-quote-machine\node_modules\uws\build\uws.vcxproj]
  c:\users\narin\appdata\local\node-gyp\cache\12.18.3\include\node\v8.h(3557): note: see declaration of 'v8::Object::Get' (compiling source file ..\src\addon.cpp)
c:\users\narin\desktop\freecodecamp\random-quote-machine\node_modules\uws\src\http.h(151): warning C4996: 'v8::Object::Get': was declared deprecated (compiling source file ..\src\addon.cpp) [C:\Users\NARIN\Desktop\freecodecamp\random-quote-machine\node_modules\uws\build\uws.vcxproj]
  c:\users\narin\appdata\local\node-gyp\cache\12.18.3\include\node\v8.h(3553): note: see declaration of 'v8::Object::Get' (compiling source file ..\src\addon.cpp)
c:\users\narin\desktop\freecodecamp\random-quote-machine\node_modules\uws\src\http.h(196): error C2660: 'v8::FunctionTemplate::GetFunction': function does not take 0 arguments (compiling source file ..\src\addon.cpp) [C:\Users\NARIN\Desktop\freecodecamp\random-quote-machine\node_modules\uws\build\uws.vcxproj]
  c:\users\narin\appdata\local\node-gyp\cache\12.18.3\include\node\v8.h(6126): note: see declaration of 'v8::FunctionTemplate::GetFunction' (compiling source file ..\src\addon.cpp)
c:\users\narin\desktop\freecodecamp\random-quote-machine\node_modules\uws\src\http.h(188): warning C4996: 'v8::String::NewFromUtf8': was declared deprecated (compiling source file ..\src\addon.cpp) [C:\Users\NARIN\Desktop\freecodecamp\random-quote-machine\node_modules\uws\build\uws.vcxproj]
  c:\users\narin\appdata\local\node-gyp\cache\12.18.3\include\node\v8.h(3030): note: see declaration of 'v8::String::NewFromUtf8' (compiling source file ..\src\addon.cpp)
c:\users\narin\desktop\freecodecamp\random-quote-machine\node_modules\uws\src\http.h(190): warning C4996: 'v8::String::NewFromUtf8': was declared deprecated (compiling source file ..\src\addon.cpp) [C:\Users\NARIN\Desktop\freecodecamp\random-quote-machine\node_modules\uws\build\uws.vcxproj]
  c:\users\narin\appdata\local\node-gyp\cache\12.18.3\include\node\v8.h(3030): note: see declaration of 'v8::String::NewFromUtf8' (compiling source file ..\src\addon.cpp)
c:\users\narin\desktop\freecodecamp\random-quote-machine\node_modules\uws\src\http.h(191): warning C4996: 'v8::String::NewFromUtf8': was declared deprecated (compiling source file ..\src\addon.cpp) [C:\Users\NARIN\Desktop\freecodecamp\random-quote-machine\node_modules\uws\build\uws.vcxproj]
  c:\users\narin\appdata\local\node-gyp\cache\12.18.3\include\node\v8.h(3030): note: see declaration of 'v8::String::NewFromUtf8' (compiling source file ..\src\addon.cpp)
c:\users\narin\desktop\freecodecamp\random-quote-machine\node_modules\uws\src\http.h(192): warning C4996: 'v8::String::NewFromUtf8': was declared deprecated (compiling source file ..\src\addon.cpp) [C:\Users\NARIN\Desktop\freecodecamp\random-quote-machine\node_modules\uws\build\uws.vcxproj]
  c:\users\narin\appdata\local\node-gyp\cache\12.18.3\include\node\v8.h(3030): note: see declaration of 'v8::String::NewFromUtf8' (compiling source file ..\src\addon.cpp)
c:\users\narin\desktop\freecodecamp\random-quote-machine\node_modules\uws\src\http.h(193): warning C4996: 'v8::String::NewFromUtf8': was declared deprecated (compiling source file ..\src\addon.cpp) [C:\Users\NARIN\Desktop\freecodecamp\random-quote-machine\node_modules\uws\build\uws.vcxproj]
  c:\users\narin\appdata\local\node-gyp\cache\12.18.3\include\node\v8.h(3030): note: see declaration of 'v8::String::NewFromUtf8' (compiling source file ..\src\addon.cpp)
c:\users\narin\desktop\freecodecamp\random-quote-machine\node_modules\uws\src\http.h(194): warning C4996: 'v8::String::NewFromUtf8': was declared deprecated (compiling source file ..\src\addon.cpp) [C:\Users\NARIN\Desktop\freecodecamp\random-quote-machine\node_modules\uws\build\uws.vcxproj]
  c:\users\narin\appdata\local\node-gyp\cache\12.18.3\include\node\v8.h(3030): note: see declaration of 'v8::String::NewFromUtf8' (compiling source file ..\src\addon.cpp)
c:\users\narin\desktop\freecodecamp\random-quote-machine\node_modules\uws\src\http.h(195): warning C4996: 'v8::String::NewFromUtf8': was declared deprecated (compiling source file ..\src\addon.cpp) [C:\Users\NARIN\Desktop\freecodecamp\random-quote-machine\node_modules\uws\build\uws.vcxproj]
  c:\users\narin\appdata\local\node-gyp\cache\12.18.3\include\node\v8.h(3030): note: see declaration of 'v8::String::NewFromUtf8' (compiling source file ..\src\addon.cpp)
c:\users\narin\desktop\freecodecamp\random-quote-machine\node_modules\uws\src\http.h(226): warning C4312: 'type cast': conversion from 'long' to 'void *' of greater size (compiling source file ..\src\addon.cpp) [C:\Users\NARIN\Desktop\freecodecamp\random-quote-machine\node_modules\uws\build\uws.vcxproj]
c:\users\narin\desktop\freecodecamp\random-quote-machine\node_modules\uws\src\http.h(227): error C2664: 'v8::MaybeLocal<v8::String> v8::String::NewFromOneByte(v8::Isolate *,const uint8_t *,v8::NewStringType,int)': cannot convert argument 3 from 'v8::String::NewStringType' to 'v8::NewStringType' (compiling source file ..\src\addon.cpp) [C:\Users\NARIN\Desktop\freecodecamp\random-quote-machine\node_modules\uws\build\uws.vcxproj]
  c:\users\narin\desktop\freecodecamp\random-quote-machine\node_modules\uws\src\http.h(227): note: Conversion to enumeration type requires an explicit cast (static_cast, C-style cast or function-style cast) (compiling source file ..\src\addon.cpp)
c:\users\narin\desktop\freecodecamp\random-quote-machine\node_modules\uws\src\http.h(227): error C2660: 'v8::Object::SetInternalField': function does not take 1 arguments (compiling source file ..\src\addon.cpp) [C:\Users\NARIN\Desktop\freecodecamp\random-quote-machine\node_modules\uws\build\uws.vcxproj]
  c:\users\narin\appdata\local\node-gyp\cache\12.18.3\include\node\v8.h(3745): note: see declaration of 'v8::Object::SetInternalField' (compiling source file ..\src\addon.cpp)
c:\users\narin\desktop\freecodecamp\random-quote-machine\node_modules\uws\src\http.h(230): error C2660: 'v8::Function::Call': function does not take 3 arguments (compiling source file ..\src\addon.cpp) [C:\Users\NARIN\Desktop\freecodecamp\random-quote-machine\node_modules\uws\build\uws.vcxproj]
  c:\users\narin\appdata\local\node-gyp\cache\12.18.3\include\node\v8.h(4298): note: see declaration of 'v8::Function::Call' (compiling source file ..\src\addon.cpp)
c:\users\narin\desktop\freecodecamp\random-quote-machine\node_modules\uws\src\http.h(236): error C2660: 'v8::Function::Call': function does not take 3 arguments (compiling source file ..\src\addon.cpp) [C:\Users\NARIN\Desktop\freecodecamp\random-quote-machine\node_modules\uws\build\uws.vcxproj]
  c:\users\narin\appdata\local\node-gyp\cache\12.18.3\include\node\v8.h(4298): note: see declaration of 'v8::Function::Call' (compiling source file ..\src\addon.cpp)
c:\users\narin\desktop\freecodecamp\random-quote-machine\node_modules\uws\src\http.h(242): error C2660: 'v8::Function::Call': function does not take 3 arguments (compiling source file ..\src\addon.cpp) [C:\Users\NARIN\Desktop\freecodecamp\random-quote-machine\node_modules\uws\build\uws.vcxproj]
  c:\users\narin\appdata\local\node-gyp\cache\12.18.3\include\node\v8.h(4298): note: see declaration of 'v8::Function::Call' (compiling source file ..\src\addon.cpp)
c:\users\narin\desktop\freecodecamp\random-quote-machine\node_modules\uws\src\http.h(265): error C2660: 'v8::Function::Call': function does not take 3 arguments (compiling source file ..\src\addon.cpp) [C:\Users\NARIN\Desktop\freecodecamp\random-quote-machine\node_modules\uws\build\uws.vcxproj]
  c:\users\narin\appdata\local\node-gyp\cache\12.18.3\include\node\v8.h(4298): note: see declaration of 'v8::Function::Call' (compiling source file ..\src\addon.cpp)
c:\users\narin\desktop\freecodecamp\random-quote-machine\node_modules\uws\src\http.h(280): error C2660: 'v8::Function::Call': function does not take 3 arguments (compiling source file ..\src\addon.cpp) [C:\Users\NARIN\Desktop\freecodecamp\random-quote-machine\node_modules\uws\build\uws.vcxproj]
  c:\users\narin\appdata\local\node-gyp\cache\12.18.3\include\node\v8.h(4298): note: see declaration of 'v8::Function::Call' (compiling source file ..\src\addon.cpp)
c:\users\narin\desktop\freecodecamp\random-quote-machine\node_modules\uws\src\http.h(286): error C2660: 'v8::Function::Call': function does not take 3 arguments (compiling source file ..\src\addon.cpp) [C:\Users\NARIN\Desktop\freecodecamp\random-quote-machine\node_modules\uws\build\uws.vcxproj]
  c:\users\narin\appdata\local\node-gyp\cache\12.18.3\include\node\v8.h(4298): note: see declaration of 'v8::Function::Call' (compiling source file ..\src\addon.cpp)
c:\users\narin\desktop\freecodecamp\random-quote-machine\node_modules\uws\src\http.h(293): error C2661: 'v8::Function::NewInstance': no overloaded function takes 0 arguments (compiling source file ..\src\addon.cpp) [C:\Users\NARIN\Desktop\freecodecamp\random-quote-machine\node_modules\uws\build\uws.vcxproj]
c:\users\narin\desktop\freecodecamp\random-quote-machine\node_modules\uws\src\http.h(308): error C2660: 'v8::Value::IntegerValue': function does not take 0 arguments (compiling source file ..\src\addon.cpp) [C:\Users\NARIN\Desktop\freecodecamp\random-quote-machine\node_modules\uws\build\uws.vcxproj]
  c:\users\narin\appdata\local\node-gyp\cache\12.18.3\include\node\v8.h(2705): note: see declaration of 'v8::Value::IntegerValue' (compiling source file ..\src\addon.cpp)
c:\users\narin\desktop\freecodecamp\random-quote-machine\node_modules\uws\src\http.h(311): error C2660: 'v8::Function::Call': function does not take 3 arguments (compiling source file ..\src\addon.cpp) [C:\Users\NARIN\Desktop\freecodecamp\random-quote-machine\node_modules\uws\build\uws.vcxproj]
  c:\users\narin\appdata\local\node-gyp\cache\12.18.3\include\node\v8.h(4298): note: see declaration of 'v8::Function::Call' (compiling source file ..\src\addon.cpp)
c:\users\narin\desktop\freecodecamp\random-quote-machine\node_modules\uws\src\http.h(320): error C2661: 'v8::Value::ToObject': no overloaded function takes 0 arguments (compiling source file ..\src\addon.cpp) [C:\Users\NARIN\Desktop\freecodecamp\random-quote-machine\node_modules\uws\build\uws.vcxproj]
c:\users\narin\desktop\freecodecamp\random-quote-machine\node_modules\uws\src\http.h(321): error C2661: 'v8::Value::ToObject': no overloaded function takes 0 arguments (compiling source file ..\src\addon.cpp) [C:\Users\NARIN\Desktop\freecodecamp\random-quote-machine\node_modules\uws\build\uws.vcxproj]
c:\users\narin\desktop\freecodecamp\random-quote-machine\node_modules\uws\src\http.h(327): error C2661: 'v8::Function::NewInstance': no overloaded function takes 0 arguments (compiling source file ..\src\addon.cpp) [C:\Users\NARIN\Desktop\freecodecamp\random-quote-machine\node_modules\uws\build\uws.vcxproj]
c:\users\narin\desktop\freecodecamp\random-quote-machine\node_modules\uws\src\http.h(353): error C2660: 'v8::FunctionTemplate::GetFunction': function does not take 0 arguments (compiling source file ..\src\addon.cpp) [C:\Users\NARIN\Desktop\freecodecamp\random-quote-machine\node_modules\uws\build\uws.vcxproj]
  c:\users\narin\appdata\local\node-gyp\cache\12.18.3\include\node\v8.h(6126): note: see declaration of 'v8::FunctionTemplate::GetFunction' (compiling source file ..\src\addon.cpp)
c:\users\narin\desktop\freecodecamp\random-quote-machine\node_modules\uws\src\http.h(343): warning C4996: 'v8::String::NewFromUtf8': was declared deprecated (compiling source file ..\src\addon.cpp) [C:\Users\NARIN\Desktop\freecodecamp\random-quote-machine\node_modules\uws\build\uws.vcxproj]
  c:\users\narin\appdata\local\node-gyp\cache\12.18.3\include\node\v8.h(3030): note: see declaration of 'v8::String::NewFromUtf8' (compiling source file ..\src\addon.cpp)
c:\users\narin\desktop\freecodecamp\random-quote-machine\node_modules\uws\src\http.h(344): warning C4996: 'v8::String::NewFromUtf8': was declared deprecated (compiling source file ..\src\addon.cpp) [C:\Users\NARIN\Desktop\freecodecamp\random-quote-machine\node_modules\uws\build\uws.vcxproj]
  c:\users\narin\appdata\local\node-gyp\cache\12.18.3\include\node\v8.h(3030): note: see declaration of 'v8::String::NewFromUtf8' (compiling source file ..\src\addon.cpp)
c:\users\narin\desktop\freecodecamp\random-quote-machine\node_modules\uws\src\http.h(345): warning C4996: 'v8::String::NewFromUtf8': was declared deprecated (compiling source file ..\src\addon.cpp) [C:\Users\NARIN\Desktop\freecodecamp\random-quote-machine\node_modules\uws\build\uws.vcxproj]
  c:\users\narin\appdata\local\node-gyp\cache\12.18.3\include\node\v8.h(3030): note: see declaration of 'v8::String::NewFromUtf8' (compiling source file ..\src\addon.cpp)
c:\users\narin\desktop\freecodecamp\random-quote-machine\node_modules\uws\src\http.h(346): warning C4996: 'v8::String::NewFromUtf8': was declared deprecated (compiling source file ..\src\addon.cpp) [C:\Users\NARIN\Desktop\freecodecamp\random-quote-machine\node_modules\uws\build\uws.vcxproj]
  c:\users\narin\appdata\local\node-gyp\cache\12.18.3\include\node\v8.h(3030): note: see declaration of 'v8::String::NewFromUtf8' (compiling source file ..\src\addon.cpp)
c:\users\narin\desktop\freecodecamp\random-quote-machine\node_modules\uws\src\http.h(347): warning C4996: 'v8::String::NewFromUtf8': was declared deprecated (compiling source file ..\src\addon.cpp) [C:\Users\NARIN\Desktop\freecodecamp\random-quote-machine\node_modules\uws\build\uws.vcxproj]
  c:\users\narin\appdata\local\node-gyp\cache\12.18.3\include\node\v8.h(3030): note: see declaration of 'v8::String::NewFromUtf8' (compiling source file ..\src\addon.cpp)
c:\users\narin\desktop\freecodecamp\random-quote-machine\node_modules\uws\src\http.h(348): warning C4996: 'v8::String::NewFromUtf8': was declared deprecated (compiling source file ..\src\addon.cpp) [C:\Users\NARIN\Desktop\freecodecamp\random-quote-machine\node_modules\uws\build\uws.vcxproj]
  c:\users\narin\appdata\local\node-gyp\cache\12.18.3\include\node\v8.h(3030): note: see declaration of 'v8::String::NewFromUtf8' (compiling source file ..\src\addon.cpp)
c:\users\narin\desktop\freecodecamp\random-quote-machine\node_modules\uws\src\addon.cpp(8): warning C4996: 'v8::Object::Set': was declared deprecated [C:\Users\NARIN\Desktop\freecodecamp\random-quote-machine\node_modules\uws\build\uws.vcxproj]
  c:\users\narin\appdata\local\node-gyp\cache\12.18.3\include\node\v8.h(3498): note: see declaration of 'v8::Object::Set'
c:\users\narin\desktop\freecodecamp\random-quote-machine\node_modules\uws\src\addon.cpp(9): warning C4996: 'v8::Object::Set': was declared deprecated [C:\Users\NARIN\Desktop\freecodecamp\random-quote-machine\node_modules\uws\build\uws.vcxproj]
  c:\users\narin\appdata\local\node-gyp\cache\12.18.3\include\node\v8.h(3498): note: see declaration of 'v8::Object::Set'
c:\users\narin\desktop\freecodecamp\random-quote-machine\node_modules\uws\src\addon.cpp(10): warning C4996: 'v8::Object::Set': was declared deprecated [C:\Users\NARIN\Desktop\freecodecamp\random-quote-machine\node_modules\uws\build\uws.vcxproj]
  c:\users\narin\appdata\local\node-gyp\cache\12.18.3\include\node\v8.h(3498): note: see declaration of 'v8::Object::Set'
gyp ERR! build error 
gyp ERR! stack Error: `C:\Program Files (x86)\Microsoft Visual Studio\2017\BuildTools\MSBuild\15.0\Bin\MSBuild.exe` failed with exit code: 1
gyp ERR! stack     at ChildProcess.onExit (C:\Program Files\nodejs\node_modules\npm\node_modules\node-gyp\lib\build.js:194:23)
gyp ERR! stack     at ChildProcess.emit (events.js:315:20)
gyp ERR! stack     at Process.ChildProcess._handle.onexit (internal/child_process.js:275:12)
gyp ERR! System Windows_NT 10.0.19041
gyp ERR! command "C:\\Program Files\\nodejs\\node.exe" "C:\\Program Files\\nodejs\\node_modules\\npm\\node_modules\\node-gyp\\bin\\node-gyp.js" "rebuild"
gyp ERR! cwd C:\Users\NARIN\Desktop\freecodecamp\random-quote-machine\node_modules\uws
gyp ERR! node -v v12.18.3
gyp ERR! node-gyp -v v5.1.0
gyp ERR! not ok 
